<?xml version="1.0" encoding="UTF-8"?>
<!-- Generated by org.testng.reporters.JUnitXMLReporter -->
<testsuite ignored="2" hostname="Gopi-PC" failures="1" tests="2" name="Customer_Test" time="13.207" errors="0" timestamp="2024-06-19T19:40:43 IST">
  <testcase classname="ERP_Testing.Customer_Management" name="customerSearch" time="13.109"/>
  <testcase classname="ERP_Testing.Supplier_Management" name="supplierSearch" time="0.006">
    <failure type="java.lang.NullPointerException" message="Cannot invoke &amp;quot;org.openqa.selenium.WebDriver.findElement(org.openqa.selenium.By)&amp;quot; because &amp;quot;this.driver&amp;quot; is null">
      <![CDATA[java.lang.NullPointerException: Cannot invoke "org.openqa.selenium.WebDriver.findElement(org.openqa.selenium.By)" because "this.driver" is null
at ERP_Testing.Supplier_Management.supplierSearch(Supplier_Management.java:17)
at java.base/java.util.ArrayList.forEach(ArrayList.java:1511)
... Removed 27 stack frames]]>
    </failure>
  </testcase> <!-- supplierSearch -->
  <testcase classname="ERP_Testing.ERP_Login" name="@BeforeSuite Login" time="0.0">
    <ignored/>
  </testcase> <!-- @BeforeSuite Login -->
  <testcase classname="ERP_Testing.ERP_Login" name="@BeforeSuite Login" time="0.0">
    <ignored/>
  </testcase> <!-- @BeforeSuite Login -->
</testsuite> <!-- Customer_Test -->
