<?xml version="1.0" encoding="UTF-8"?>
<!-- Generated by org.testng.reporters.JUnitXMLReporter -->
<testsuite ignored="0" hostname="Gopi-PC" failures="0" tests="3" name="Test" time="27.499" errors="0" timestamp="2024-06-20T11:35:53 IST">
  <testcase classname="ERP_Testing.ERP_Testing" name="customer_Management" time="11.58"/>
  <testcase classname="ERP_Testing.ERP_Testing" name="supplier_Management" time="2.481"/>
  <testcase classname="ERP_Testing.ERP_Testing" name="Inventory_Management" time="13.341"/>
</testsuite> <!-- Test -->
